06-27-2016 @ 13:16:38 - Queuing 2.6.0 - wc_update_260_options
06-27-2016 @ 13:16:38 - Queuing 2.6.0 - wc_update_260_termmeta
06-27-2016 @ 13:16:38 - Queuing 2.6.0 - wc_update_260_zones
06-27-2016 @ 13:16:38 - Queuing 2.6.0 - wc_update_260_zone_methods
06-27-2016 @ 13:16:38 - Queuing 2.6.0 - wc_update_260_refunds
06-27-2016 @ 13:16:38 - Queuing 2.6.0 - wc_update_260_db_version
06-27-2016 @ 13:16:39 - Unable to dispatch WooCommerce updater: Operation timed out after 1000 milliseconds with 0 bytes received
06-27-2016 @ 13:16:41 - Running wc_update_260_options callback
06-27-2016 @ 13:16:41 - Finished wc_update_260_options callback
06-27-2016 @ 13:16:41 - Running wc_update_260_termmeta callback
06-27-2016 @ 13:16:41 - Finished wc_update_260_termmeta callback
06-27-2016 @ 13:16:41 - Running wc_update_260_zones callback
06-27-2016 @ 13:16:41 - Finished wc_update_260_zones callback
06-27-2016 @ 13:16:41 - Running wc_update_260_zone_methods callback
06-27-2016 @ 13:16:41 - Finished wc_update_260_zone_methods callback
06-27-2016 @ 13:16:41 - Running wc_update_260_refunds callback
06-27-2016 @ 13:16:41 - Finished wc_update_260_refunds callback
06-27-2016 @ 13:16:41 - Running wc_update_260_db_version callback
06-27-2016 @ 13:16:41 - Finished wc_update_260_db_version callback
06-27-2016 @ 13:16:41 - Data update complete
